{
  "stats": {
    "suites": 1,
    "tests": 1,
    "passes": 1,
    "pending": 0,
    "failures": 0,
    "start": "2025-04-11T14:32:46.850Z",
    "end": "2025-04-11T14:32:48.419Z",
    "duration": 1569,
    "testsRegistered": 1,
    "passPercent": 100,
    "pendingPercent": 0,
    "other": 0,
    "hasOther": false,
    "skipped": 0,
    "hasSkipped": false
  },
  "results": [
    {
      "uuid": "4ce6f6ac-8255-4a0a-93fc-c56a5920f395",
      "title": "",
      "fullFile": "/Users/sunnyamahardika/login-saucedemo/tests/test-login.js",
      "file": "/tests/test-login.js",
      "beforeHooks": [],
      "afterHooks": [],
      "tests": [],
      "suites": [
        {
          "uuid": "97df60c3-8b4d-4508-8ddd-b90d5ae60253",
          "title": "Google Search Test",
          "fullFile": "/Users/sunnyamahardika/login-saucedemo/tests/test-login.js",
          "file": "/tests/test-login.js",
          "beforeHooks": [],
          "afterHooks": [],
          "tests": [
            {
              "title": "Visit SauceDemo dan cek page title",
              "fullTitle": "Google Search Test Visit SauceDemo dan cek page title",
              "timedOut": false,
              "duration": 1567,
              "state": "passed",
              "speed": "slow",
              "pass": true,
              "fail": false,
              "pending": false,
              "context": null,
              "code": "// Options = new chrome.Options();\n driver = await new Builder().forBrowser('chrome').build();\n \n await driver.get('https://www.saucedemo.com');\n const title = await driver.getTitle();\n //await driver.sleep(3000);\n \n assert.strictEqual(title, 'Swag Labs');\n let inputUsername = await driver.findElement(By.css('[data-test=\"username\"]'))\n let inputPassword = await driver.findElement(By.css('[data-test=\"username\"]'))\n await driver.quit();",
              "err": {},
              "uuid": "81fd3302-b9cc-43cc-a757-6853a0e0106d",
              "parentUUID": "97df60c3-8b4d-4508-8ddd-b90d5ae60253",
              "isHook": false,
              "skipped": false
            }
          ],
          "suites": [],
          "passes": [
            "81fd3302-b9cc-43cc-a757-6853a0e0106d"
          ],
          "failures": [],
          "pending": [],
          "skipped": [],
          "duration": 1567,
          "root": false,
          "rootEmpty": false,
          "_timeout": 60000
        }
      ],
      "passes": [],
      "failures": [],
      "pending": [],
      "skipped": [],
      "duration": 0,
      "root": true,
      "rootEmpty": true,
      "_timeout": 60000
    }
  ],
  "meta": {
    "mocha": {
      "version": "10.8.2"
    },
    "mochawesome": {
      "options": {
        "quiet": false,
        "reportFilename": "mochawesome",
        "saveHtml": true,
        "saveJson": true,
        "consoleReporter": "spec",
        "useInlineDiffs": false,
        "code": true
      },
      "version": "7.1.3"
    },
    "marge": {
      "options": null,
      "version": "6.2.0"
    }
  }
}